<?xml version="1.0" encoding="UTF-8"?>
<testsuite xmlns:xsi="http://www.w3.org/2001/XMLSchema-instance" xsi:noNamespaceSchemaLocation="https://maven.apache.org/surefire/maven-surefire-plugin/xsd/surefire-test-report-3.0.xsd" version="3.0" name="TestSuite" time="73.313" tests="1" errors="0" skipped="0" failures="1">
  <properties>
    <property name="java.specification.version" value="13"/>
    <property name="webdriver.chrome.driver" value="E:\Users\Prajna\.cache\selenium\chromedriver\win32\87.0.4280.88\chromedriver.exe"/>
    <property name="sun.cpu.isalist" value="amd64"/>
    <property name="sun.jnu.encoding" value="Cp1252"/>
    <property name="java.class.path" value="E:\Users\Prajna\eclipse-workspace\samplemavenN\target\test-classes;E:\Users\Prajna\eclipse-workspace\samplemavenN\target\classes;E:\Users\Prajna\.m2\repository\org\seleniumhq\selenium\selenium-java\3.141.59\selenium-java-3.141.59.jar;E:\Users\Prajna\.m2\repository\org\seleniumhq\selenium\selenium-api\3.141.59\selenium-api-3.141.59.jar;E:\Users\Prajna\.m2\repository\org\seleniumhq\selenium\selenium-chrome-driver\3.141.59\selenium-chrome-driver-3.141.59.jar;E:\Users\Prajna\.m2\repository\org\seleniumhq\selenium\selenium-edge-driver\3.141.59\selenium-edge-driver-3.141.59.jar;E:\Users\Prajna\.m2\repository\org\seleniumhq\selenium\selenium-firefox-driver\3.141.59\selenium-firefox-driver-3.141.59.jar;E:\Users\Prajna\.m2\repository\org\seleniumhq\selenium\selenium-ie-driver\3.141.59\selenium-ie-driver-3.141.59.jar;E:\Users\Prajna\.m2\repository\org\seleniumhq\selenium\selenium-opera-driver\3.141.59\selenium-opera-driver-3.141.59.jar;E:\Users\Prajna\.m2\repository\org\seleniumhq\selenium\selenium-remote-driver\3.141.59\selenium-remote-driver-3.141.59.jar;E:\Users\Prajna\.m2\repository\org\seleniumhq\selenium\selenium-safari-driver\3.141.59\selenium-safari-driver-3.141.59.jar;E:\Users\Prajna\.m2\repository\org\seleniumhq\selenium\selenium-support\3.141.59\selenium-support-3.141.59.jar;E:\Users\Prajna\.m2\repository\net\bytebuddy\byte-buddy\1.8.15\byte-buddy-1.8.15.jar;E:\Users\Prajna\.m2\repository\org\apache\commons\commons-exec\1.3\commons-exec-1.3.jar;E:\Users\Prajna\.m2\repository\com\google\guava\guava\25.0-jre\guava-25.0-jre.jar;E:\Users\Prajna\.m2\repository\com\google\code\findbugs\jsr305\1.3.9\jsr305-1.3.9.jar;E:\Users\Prajna\.m2\repository\org\checkerframework\checker-compat-qual\2.0.0\checker-compat-qual-2.0.0.jar;E:\Users\Prajna\.m2\repository\com\google\errorprone\error_prone_annotations\2.1.3\error_prone_annotations-2.1.3.jar;E:\Users\Prajna\.m2\repository\com\google\j2objc\j2objc-annotations\1.1\j2objc-annotations-1.1.jar;E:\Users\Prajna\.m2\repository\org\codehaus\mojo\animal-sniffer-annotations\1.14\animal-sniffer-annotations-1.14.jar;E:\Users\Prajna\.m2\repository\com\squareup\okhttp3\okhttp\3.11.0\okhttp-3.11.0.jar;E:\Users\Prajna\.m2\repository\com\squareup\okio\okio\1.14.0\okio-1.14.0.jar;E:\Users\Prajna\.m2\repository\org\testng\testng\7.3.0\testng-7.3.0.jar;E:\Users\Prajna\.m2\repository\com\beust\jcommander\1.78\jcommander-1.78.jar;E:\Users\Prajna\.m2\repository\org\apache\ant\ant\1.10.3\ant-1.10.3.jar;E:\Users\Prajna\.m2\repository\org\apache\ant\ant-launcher\1.10.3\ant-launcher-1.10.3.jar;E:\Users\Prajna\.m2\repository\junit\junit\4.12\junit-4.12.jar;E:\Users\Prajna\.m2\repository\org\hamcrest\hamcrest-core\1.3\hamcrest-core-1.3.jar;E:\Users\Prajna\.m2\repository\com\google\inject\guice\4.2.2\guice-4.2.2-no_aop.jar;E:\Users\Prajna\.m2\repository\javax\inject\javax.inject\1\javax.inject-1.jar;E:\Users\Prajna\.m2\repository\aopalliance\aopalliance\1.0\aopalliance-1.0.jar;E:\Users\Prajna\.m2\repository\org\yaml\snakeyaml\1.21\snakeyaml-1.21.jar;E:\Users\Prajna\.m2\repository\io\github\bonigarcia\webdrivermanager\4.2.0\webdrivermanager-4.2.0.jar;E:\Users\Prajna\.m2\repository\org\slf4j\slf4j-api\1.7.30\slf4j-api-1.7.30.jar;E:\Users\Prajna\.m2\repository\commons-io\commons-io\2.7\commons-io-2.7.jar;E:\Users\Prajna\.m2\repository\com\google\code\gson\gson\2.8.6\gson-2.8.6.jar;E:\Users\Prajna\.m2\repository\org\apache\commons\commons-lang3\3.11\commons-lang3-3.11.jar;E:\Users\Prajna\.m2\repository\org\apache\httpcomponents\client5\httpclient5\5.0.1\httpclient5-5.0.1.jar;E:\Users\Prajna\.m2\repository\org\apache\httpcomponents\core5\httpcore5\5.0.1\httpcore5-5.0.1.jar;E:\Users\Prajna\.m2\repository\org\apache\httpcomponents\core5\httpcore5-h2\5.0.1\httpcore5-h2-5.0.1.jar;E:\Users\Prajna\.m2\repository\commons-codec\commons-codec\1.13\commons-codec-1.13.jar;E:\Users\Prajna\.m2\repository\org\rauschig\jarchivelib\1.0.0\jarchivelib-1.0.0.jar;E:\Users\Prajna\.m2\repository\org\apache\commons\commons-compress\1.18\commons-compress-1.18.jar;E:\Users\Prajna\.m2\repository\org\jsoup\jsoup\1.13.1\jsoup-1.13.1.jar;"/>
    <property name="java.vm.vendor" value="Oracle Corporation"/>
    <property name="sun.arch.data.model" value="64"/>
    <property name="user.variant" value=""/>
    <property name="java.vendor.url" value="https://java.oracle.com/"/>
    <property name="user.timezone" value="America/New_York"/>
    <property name="os.name" value="Windows 10"/>
    <property name="java.vm.specification.version" value="13"/>
    <property name="sun.java.launcher" value="SUN_STANDARD"/>
    <property name="user.country" value="US"/>
    <property name="sun.boot.library.path" value="E:\Program Files\Java\jdk-13.0.1\bin"/>
    <property name="sun.java.command" value="E:\Users\Prajna\AppData\Local\Temp\surefire7803716940755238908\surefirebooter8939909151398968122.jar E:\Users\Prajna\AppData\Local\Temp\surefire7803716940755238908 2021-01-26T18-59-50_702-jvmRun1 surefire18098295753910928427tmp surefire_04349017935641951708tmp"/>
    <property name="jdk.debug" value="release"/>
    <property name="surefire.test.class.path" value="E:\Users\Prajna\eclipse-workspace\samplemavenN\target\test-classes;E:\Users\Prajna\eclipse-workspace\samplemavenN\target\classes;E:\Users\Prajna\.m2\repository\org\seleniumhq\selenium\selenium-java\3.141.59\selenium-java-3.141.59.jar;E:\Users\Prajna\.m2\repository\org\seleniumhq\selenium\selenium-api\3.141.59\selenium-api-3.141.59.jar;E:\Users\Prajna\.m2\repository\org\seleniumhq\selenium\selenium-chrome-driver\3.141.59\selenium-chrome-driver-3.141.59.jar;E:\Users\Prajna\.m2\repository\org\seleniumhq\selenium\selenium-edge-driver\3.141.59\selenium-edge-driver-3.141.59.jar;E:\Users\Prajna\.m2\repository\org\seleniumhq\selenium\selenium-firefox-driver\3.141.59\selenium-firefox-driver-3.141.59.jar;E:\Users\Prajna\.m2\repository\org\seleniumhq\selenium\selenium-ie-driver\3.141.59\selenium-ie-driver-3.141.59.jar;E:\Users\Prajna\.m2\repository\org\seleniumhq\selenium\selenium-opera-driver\3.141.59\selenium-opera-driver-3.141.59.jar;E:\Users\Prajna\.m2\repository\org\seleniumhq\selenium\selenium-remote-driver\3.141.59\selenium-remote-driver-3.141.59.jar;E:\Users\Prajna\.m2\repository\org\seleniumhq\selenium\selenium-safari-driver\3.141.59\selenium-safari-driver-3.141.59.jar;E:\Users\Prajna\.m2\repository\org\seleniumhq\selenium\selenium-support\3.141.59\selenium-support-3.141.59.jar;E:\Users\Prajna\.m2\repository\net\bytebuddy\byte-buddy\1.8.15\byte-buddy-1.8.15.jar;E:\Users\Prajna\.m2\repository\org\apache\commons\commons-exec\1.3\commons-exec-1.3.jar;E:\Users\Prajna\.m2\repository\com\google\guava\guava\25.0-jre\guava-25.0-jre.jar;E:\Users\Prajna\.m2\repository\com\google\code\findbugs\jsr305\1.3.9\jsr305-1.3.9.jar;E:\Users\Prajna\.m2\repository\org\checkerframework\checker-compat-qual\2.0.0\checker-compat-qual-2.0.0.jar;E:\Users\Prajna\.m2\repository\com\google\errorprone\error_prone_annotations\2.1.3\error_prone_annotations-2.1.3.jar;E:\Users\Prajna\.m2\repository\com\google\j2objc\j2objc-annotations\1.1\j2objc-annotations-1.1.jar;E:\Users\Prajna\.m2\repository\org\codehaus\mojo\animal-sniffer-annotations\1.14\animal-sniffer-annotations-1.14.jar;E:\Users\Prajna\.m2\repository\com\squareup\okhttp3\okhttp\3.11.0\okhttp-3.11.0.jar;E:\Users\Prajna\.m2\repository\com\squareup\okio\okio\1.14.0\okio-1.14.0.jar;E:\Users\Prajna\.m2\repository\org\testng\testng\7.3.0\testng-7.3.0.jar;E:\Users\Prajna\.m2\repository\com\beust\jcommander\1.78\jcommander-1.78.jar;E:\Users\Prajna\.m2\repository\org\apache\ant\ant\1.10.3\ant-1.10.3.jar;E:\Users\Prajna\.m2\repository\org\apache\ant\ant-launcher\1.10.3\ant-launcher-1.10.3.jar;E:\Users\Prajna\.m2\repository\junit\junit\4.12\junit-4.12.jar;E:\Users\Prajna\.m2\repository\org\hamcrest\hamcrest-core\1.3\hamcrest-core-1.3.jar;E:\Users\Prajna\.m2\repository\com\google\inject\guice\4.2.2\guice-4.2.2-no_aop.jar;E:\Users\Prajna\.m2\repository\javax\inject\javax.inject\1\javax.inject-1.jar;E:\Users\Prajna\.m2\repository\aopalliance\aopalliance\1.0\aopalliance-1.0.jar;E:\Users\Prajna\.m2\repository\org\yaml\snakeyaml\1.21\snakeyaml-1.21.jar;E:\Users\Prajna\.m2\repository\io\github\bonigarcia\webdrivermanager\4.2.0\webdrivermanager-4.2.0.jar;E:\Users\Prajna\.m2\repository\org\slf4j\slf4j-api\1.7.30\slf4j-api-1.7.30.jar;E:\Users\Prajna\.m2\repository\commons-io\commons-io\2.7\commons-io-2.7.jar;E:\Users\Prajna\.m2\repository\com\google\code\gson\gson\2.8.6\gson-2.8.6.jar;E:\Users\Prajna\.m2\repository\org\apache\commons\commons-lang3\3.11\commons-lang3-3.11.jar;E:\Users\Prajna\.m2\repository\org\apache\httpcomponents\client5\httpclient5\5.0.1\httpclient5-5.0.1.jar;E:\Users\Prajna\.m2\repository\org\apache\httpcomponents\core5\httpcore5\5.0.1\httpcore5-5.0.1.jar;E:\Users\Prajna\.m2\repository\org\apache\httpcomponents\core5\httpcore5-h2\5.0.1\httpcore5-h2-5.0.1.jar;E:\Users\Prajna\.m2\repository\commons-codec\commons-codec\1.13\commons-codec-1.13.jar;E:\Users\Prajna\.m2\repository\org\rauschig\jarchivelib\1.0.0\jarchivelib-1.0.0.jar;E:\Users\Prajna\.m2\repository\org\apache\commons\commons-compress\1.18\commons-compress-1.18.jar;E:\Users\Prajna\.m2\repository\org\jsoup\jsoup\1.13.1\jsoup-1.13.1.jar;"/>
    <property name="sun.cpu.endian" value="little"/>
    <property name="user.home" value="E:\Users\Prajna"/>
    <property name="user.language" value="en"/>
    <property name="java.specification.vendor" value="Oracle Corporation"/>
    <property name="java.version.date" value="2019-10-15"/>
    <property name="java.home" value="E:\Program Files\Java\jdk-13.0.1"/>
    <property name="file.separator" value="\"/>
    <property name="basedir" value="E:\Users\Prajna\eclipse-workspace\samplemavenN"/>
    <property name="java.vm.compressedOopsMode" value="32-bit"/>
    <property name="line.separator" value="&#10;"/>
    <property name="java.vm.specification.vendor" value="Oracle Corporation"/>
    <property name="java.specification.name" value="Java Platform API Specification"/>
    <property name="surefire.real.class.path" value="E:\Users\Prajna\AppData\Local\Temp\surefire7803716940755238908\surefirebooter8939909151398968122.jar"/>
    <property name="user.script" value=""/>
    <property name="sun.management.compiler" value="HotSpot 64-Bit Tiered Compilers"/>
    <property name="java.runtime.version" value="13.0.1+9"/>
    <property name="user.name" value="Prajna1"/>
    <property name="path.separator" value=";"/>
    <property name="os.version" value="10.0"/>
    <property name="java.runtime.name" value="Java(TM) SE Runtime Environment"/>
    <property name="file.encoding" value="Cp1252"/>
    <property name="java.vm.name" value="Java HotSpot(TM) 64-Bit Server VM"/>
    <property name="localRepository" value="E:\Users\Prajna\.m2\repository"/>
    <property name="java.vendor.url.bug" value="https://bugreport.java.com/bugreport/"/>
    <property name="java.io.tmpdir" value="E:\Users\Prajna\AppData\Local\Temp\"/>
    <property name="java.version" value="13.0.1"/>
    <property name="user.dir" value="E:\Users\Prajna\eclipse-workspace\samplemavenN"/>
    <property name="os.arch" value="amd64"/>
    <property name="java.vm.specification.name" value="Java Virtual Machine Specification"/>
    <property name="sun.os.patch.level" value=""/>
    <property name="java.library.path" value="E:\Program Files\Java\jdk-13.0.1\bin;E:\WINDOWS\Sun\Java\bin;E:\WINDOWS\system32;E:\WINDOWS;E:/Program Files/Java/jdk-13.0.1/bin/server;E:/Program Files/Java/jdk-13.0.1/bin;E:\WINDOWS\system32;E:\WINDOWS;E:\WINDOWS\System32\Wbem;E:\WINDOWS\System32\WindowsPowerShell\v1.0\;E:\WINDOWS\System32\OpenSSH\;e:\users\prajna\appdata\local\programs\python\python37-32\Scripts;E:\Program Files\Java\jdk-13.0.1\bin;E:\Program Files\Git\cmd;E:\Users\Prajna\AppData\Local\Programs\Python\Python37-32\Scripts\;E:\Users\Prajna\AppData\Local\Programs\Python\Python37-32\;E:\Users\Prajna\AppData\Local\Microsoft\WindowsApps;;E:\Users\Prajna\Desktop;;."/>
    <property name="java.vm.info" value="mixed mode, sharing"/>
    <property name="java.vendor" value="Oracle Corporation"/>
    <property name="java.vm.version" value="13.0.1+9"/>
    <property name="sun.io.unicode.encoding" value="UnicodeLittle"/>
    <property name="java.class.version" value="57.0"/>
  </properties>
  <testcase name="magentoregister1" classname="sampleMP.MytestMaven" time="69.552">
    <failure message="no such element: Unable to locate element: {&quot;method&quot;:&quot;xpath&quot;,&quot;selector&quot;:&quot;//*[@id=&quot;register&quot;]/span&quot;}&#10;  (Session info: chrome=87.0.4280.141)&#10;For documentation on this error, please visit: https://www.seleniumhq.org/exceptions/no_such_element.html&#10;Build info: version: &apos;3.141.59&apos;, revision: &apos;e82be7d358&apos;, time: &apos;2018-11-14T08:17:03&apos;&#10;System info: host: &apos;MHW81&apos;, ip: &apos;192.168.86.52&apos;, os.name: &apos;Windows 10&apos;, os.arch: &apos;amd64&apos;, os.version: &apos;10.0&apos;, java.version: &apos;13.0.1&apos;&#10;Driver info: org.openqa.selenium.chrome.ChromeDriver&#10;Capabilities {acceptInsecureCerts: false, browserName: chrome, browserVersion: 87.0.4280.141, chrome: {chromedriverVersion: 87.0.4280.88 (89e2380a3e36c..., userDataDir: E:\Users\Prajna\AppData\Loc...}, goog:chromeOptions: {debuggerAddress: localhost:50758}, javascriptEnabled: true, networkConnectionEnabled: false, pageLoadStrategy: normal, platform: WINDOWS, platformName: WINDOWS, proxy: Proxy(), setWindowRect: true, strictFileInteractability: false, timeouts: {implicit: 0, pageLoad: 300000, script: 30000}, unhandledPromptBehavior: dismiss and notify, webauthn:virtualAuthenticators: true}&#10;Session ID: 51f1ca41df4b9648c72653db01475147&#10;*** Element info: {Using=xpath, value=//*[@id=&quot;register&quot;]/span}" type="org.openqa.selenium.NoSuchElementException"><![CDATA[org.openqa.selenium.NoSuchElementException: 
no such element: Unable to locate element: {"method":"xpath","selector":"//*[@id="register"]/span"}
  (Session info: chrome=87.0.4280.141)
For documentation on this error, please visit: https://www.seleniumhq.org/exceptions/no_such_element.html
Build info: version: '3.141.59', revision: 'e82be7d358', time: '2018-11-14T08:17:03'
System info: host: 'MHW81', ip: '192.168.86.52', os.name: 'Windows 10', os.arch: 'amd64', os.version: '10.0', java.version: '13.0.1'
Driver info: org.openqa.selenium.chrome.ChromeDriver
Capabilities {acceptInsecureCerts: false, browserName: chrome, browserVersion: 87.0.4280.141, chrome: {chromedriverVersion: 87.0.4280.88 (89e2380a3e36c..., userDataDir: E:\Users\Prajna\AppData\Loc...}, goog:chromeOptions: {debuggerAddress: localhost:50758}, javascriptEnabled: true, networkConnectionEnabled: false, pageLoadStrategy: normal, platform: WINDOWS, platformName: WINDOWS, proxy: Proxy(), setWindowRect: true, strictFileInteractability: false, timeouts: {implicit: 0, pageLoad: 300000, script: 30000}, unhandledPromptBehavior: dismiss and notify, webauthn:virtualAuthenticators: true}
Session ID: 51f1ca41df4b9648c72653db01475147
*** Element info: {Using=xpath, value=//*[@id="register"]/span}
	at sampleMP.MytestMaven.magentoregister1(MytestMaven.java:27)
]]></failure>
    <system-err><![CDATA[SLF4J: Failed to load class "org.slf4j.impl.StaticLoggerBinder".
SLF4J: Defaulting to no-operation (NOP) logger implementation
SLF4J: See http://www.slf4j.org/codes.html#StaticLoggerBinder for further details.
Starting ChromeDriver 87.0.4280.88 (89e2380a3e36c3464b5dd1302349b1382549290d-refs/branch-heads/4280@{#1761}) on port 36303
Only local connections are allowed.
Please see https://chromedriver.chromium.org/security-considerations for suggestions on keeping ChromeDriver safe.
ChromeDriver was started successfully.
Jan 26, 2021 7:00:17 PM org.openqa.selenium.remote.ProtocolHandshake createSession
INFO: Detected dialect: W3C
]]></system-err>
  </testcase>
</testsuite>